<?xml version="1.0" encoding="UTF-8"?>
<testng-results ignored="0" total="10" passed="10" failed="0" skipped="0">
  <reporter-output>
  </reporter-output>
  <suite started-at="2023-09-20T23:49:11 IST" name="Suite" finished-at="2023-09-20T23:50:08 IST" duration-ms="56827">
    <groups>
    </groups>
    <test started-at="2023-09-20T23:49:11 IST" name="Test2" finished-at="2023-09-20T23:49:35 IST" duration-ms="23998">
      <class name="com.obsqura.tests.SearchProductTest">
        <test-method is-config="true" signature="InitializeDriver()[pri:0, instance:com.obsqura.tests.SearchProductTest@6be968ce]" started-at="2023-09-20T23:49:12 IST" name="InitializeDriver" finished-at="2023-09-20T23:49:25 IST" duration-ms="13650" status="PASS">
          <reporter-output>
          </reporter-output>
        </test-method> <!-- InitializeDriver -->
        <test-method signature="MySearchProductTest()[pri:0, instance:com.obsqura.tests.SearchProductTest@6be968ce]" started-at="2023-09-20T23:49:25 IST" name="MySearchProductTest" finished-at="2023-09-20T23:49:32 IST" duration-ms="6597" status="PASS">
          <reporter-output>
          </reporter-output>
        </test-method> <!-- MySearchProductTest -->
        <test-method is-config="true" signature="TearDown()[pri:0, instance:com.obsqura.tests.SearchProductTest@6be968ce]" started-at="2023-09-20T23:49:32 IST" name="TearDown" finished-at="2023-09-20T23:49:35 IST" duration-ms="3556" status="PASS">
          <reporter-output>
          </reporter-output>
        </test-method> <!-- TearDown -->
      </class> <!-- com.obsqura.tests.SearchProductTest -->
    </test> <!-- Test2 -->
    <test started-at="2023-09-20T23:49:12 IST" name="Test4" finished-at="2023-09-20T23:49:35 IST" duration-ms="23633">
      <class name="com.obsqura.tests.MobileSlider">
        <test-method is-config="true" signature="InitializeDriver()[pri:0, instance:com.obsqura.tests.MobileSlider@43df23d3]" started-at="2023-09-20T23:49:12 IST" name="InitializeDriver" finished-at="2023-09-20T23:49:25 IST" duration-ms="13506" status="PASS">
          <reporter-output>
          </reporter-output>
        </test-method> <!-- InitializeDriver -->
        <test-method signature="MYMobileSliderTest()[pri:0, instance:com.obsqura.tests.MobileSlider@43df23d3]" started-at="2023-09-20T23:49:25 IST" name="MYMobileSliderTest" finished-at="2023-09-20T23:49:34 IST" duration-ms="8598" status="PASS">
          <reporter-output>
          </reporter-output>
        </test-method> <!-- MYMobileSliderTest -->
        <test-method is-config="true" signature="TearDown()[pri:0, instance:com.obsqura.tests.MobileSlider@43df23d3]" started-at="2023-09-20T23:49:34 IST" name="TearDown" finished-at="2023-09-20T23:49:35 IST" duration-ms="1479" status="PASS">
          <reporter-output>
          </reporter-output>
        </test-method> <!-- TearDown -->
      </class> <!-- com.obsqura.tests.MobileSlider -->
    </test> <!-- Test4 -->
    <test started-at="2023-09-20T23:49:11 IST" name="Test1" finished-at="2023-09-20T23:49:35 IST" duration-ms="23757">
      <class name="com.obsqura.tests.LoginTest">
        <test-method is-config="true" signature="InitializeDriver()[pri:0, instance:com.obsqura.tests.LoginTest@2034b64c]" started-at="2023-09-20T23:49:12 IST" name="InitializeDriver" finished-at="2023-09-20T23:49:25 IST" duration-ms="13583" status="PASS">
          <reporter-output>
          </reporter-output>
        </test-method> <!-- InitializeDriver -->
        <test-method signature="MyLoginTest()[pri:0, instance:com.obsqura.tests.LoginTest@2034b64c]" started-at="2023-09-20T23:49:25 IST" name="MyLoginTest" finished-at="2023-09-20T23:49:27 IST" duration-ms="1445" status="PASS">
          <reporter-output>
          </reporter-output>
        </test-method> <!-- MyLoginTest -->
        <test-method is-config="true" signature="TearDown()[pri:0, instance:com.obsqura.tests.LoginTest@2034b64c]" started-at="2023-09-20T23:49:27 IST" name="TearDown" finished-at="2023-09-20T23:49:35 IST" duration-ms="8486" status="PASS">
          <reporter-output>
          </reporter-output>
        </test-method> <!-- TearDown -->
      </class> <!-- com.obsqura.tests.LoginTest -->
    </test> <!-- Test1 -->
    <test started-at="2023-09-20T23:49:12 IST" name="Test3" finished-at="2023-09-20T23:49:35 IST" duration-ms="23561">
      <class name="com.obsqura.tests.CreateandDeleteExpense">
        <test-method is-config="true" signature="InitializeDriver()[pri:0, instance:com.obsqura.tests.CreateandDeleteExpense@4a003cbe]" started-at="2023-09-20T23:49:12 IST" name="InitializeDriver" finished-at="2023-09-20T23:49:25 IST" duration-ms="13802" status="PASS">
          <reporter-output>
          </reporter-output>
        </test-method> <!-- InitializeDriver -->
        <test-method signature="MyCreateDeleteExpense()[pri:0, instance:com.obsqura.tests.CreateandDeleteExpense@4a003cbe]" started-at="2023-09-20T23:49:25 IST" name="MyCreateDeleteExpense" finished-at="2023-09-20T23:49:34 IST" duration-ms="8381" status="PASS">
          <reporter-output>
          </reporter-output>
        </test-method> <!-- MyCreateDeleteExpense -->
        <test-method is-config="true" signature="TearDown()[pri:0, instance:com.obsqura.tests.CreateandDeleteExpense@4a003cbe]" started-at="2023-09-20T23:49:34 IST" name="TearDown" finished-at="2023-09-20T23:49:35 IST" duration-ms="1367" status="PASS">
          <reporter-output>
          </reporter-output>
        </test-method> <!-- TearDown -->
      </class> <!-- com.obsqura.tests.CreateandDeleteExpense -->
    </test> <!-- Test3 -->
    <test started-at="2023-09-20T23:49:36 IST" name="Test7" finished-at="2023-09-20T23:49:58 IST" duration-ms="22642">
      <class name="com.obsqura.tests.PushNotifications">
        <test-method is-config="true" signature="InitializeDriver()[pri:0, instance:com.obsqura.tests.PushNotifications@3f4faf53]" started-at="2023-09-20T23:49:36 IST" name="InitializeDriver" finished-at="2023-09-20T23:49:46 IST" duration-ms="10090" status="PASS">
          <reporter-output>
          </reporter-output>
        </test-method> <!-- InitializeDriver -->
        <test-method signature="PushNotificationsTest()[pri:0, instance:com.obsqura.tests.PushNotifications@3f4faf53]" started-at="2023-09-20T23:49:46 IST" name="PushNotificationsTest" finished-at="2023-09-20T23:49:54 IST" duration-ms="8246" status="PASS">
          <reporter-output>
          </reporter-output>
        </test-method> <!-- PushNotificationsTest -->
        <test-method is-config="true" signature="TearDown()[pri:0, instance:com.obsqura.tests.PushNotifications@3f4faf53]" started-at="2023-09-20T23:49:54 IST" name="TearDown" finished-at="2023-09-20T23:49:58 IST" duration-ms="4304" status="PASS">
          <reporter-output>
          </reporter-output>
        </test-method> <!-- TearDown -->
      </class> <!-- com.obsqura.tests.PushNotifications -->
    </test> <!-- Test7 -->
    <test started-at="2023-09-20T23:49:36 IST" name="Test6" finished-at="2023-09-20T23:49:59 IST" duration-ms="22832">
      <class name="com.obsqura.tests.ManagePaymentMethod">
        <test-method is-config="true" signature="InitializeDriver()[pri:0, instance:com.obsqura.tests.ManagePaymentMethod@61c4eee0]" started-at="2023-09-20T23:49:36 IST" name="InitializeDriver" finished-at="2023-09-20T23:49:46 IST" duration-ms="10013" status="PASS">
          <reporter-output>
          </reporter-output>
        </test-method> <!-- InitializeDriver -->
        <test-method signature="ManangePaymentMethod()[pri:0, instance:com.obsqura.tests.ManagePaymentMethod@61c4eee0]" started-at="2023-09-20T23:49:46 IST" name="ManangePaymentMethod" finished-at="2023-09-20T23:49:52 IST" duration-ms="5986" status="PASS">
          <reporter-output>
          </reporter-output>
        </test-method> <!-- ManangePaymentMethod -->
        <test-method is-config="true" signature="TearDown()[pri:0, instance:com.obsqura.tests.ManagePaymentMethod@61c4eee0]" started-at="2023-09-20T23:49:52 IST" name="TearDown" finished-at="2023-09-20T23:49:59 IST" duration-ms="6736" status="PASS">
          <reporter-output>
          </reporter-output>
        </test-method> <!-- TearDown -->
      </class> <!-- com.obsqura.tests.ManagePaymentMethod -->
    </test> <!-- Test6 -->
    <test started-at="2023-09-20T23:49:36 IST" name="Test5" finished-at="2023-09-20T23:49:59 IST" duration-ms="23143">
      <class name="com.obsqura.tests.ManageLocation">
        <test-method is-config="true" signature="InitializeDriver()[pri:0, instance:com.obsqura.tests.ManageLocation@514646ef]" started-at="2023-09-20T23:49:36 IST" name="InitializeDriver" finished-at="2023-09-20T23:49:46 IST" duration-ms="9962" status="PASS">
          <reporter-output>
          </reporter-output>
        </test-method> <!-- InitializeDriver -->
        <test-method signature="MyManageLocationTest()[pri:0, instance:com.obsqura.tests.ManageLocation@514646ef]" started-at="2023-09-20T23:49:46 IST" name="MyManageLocationTest" finished-at="2023-09-20T23:49:54 IST" duration-ms="8380" status="PASS">
          <reporter-output>
          </reporter-output>
        </test-method> <!-- MyManageLocationTest -->
        <test-method is-config="true" signature="TearDown()[pri:0, instance:com.obsqura.tests.ManageLocation@514646ef]" started-at="2023-09-20T23:49:54 IST" name="TearDown" finished-at="2023-09-20T23:49:59 IST" duration-ms="4794" status="PASS">
          <reporter-output>
          </reporter-output>
        </test-method> <!-- TearDown -->
      </class> <!-- com.obsqura.tests.ManageLocation -->
    </test> <!-- Test5 -->
    <test started-at="2023-09-20T23:49:36 IST" name="Test8" finished-at="2023-09-20T23:50:04 IST" duration-ms="28096">
      <class name="com.obsqura.tests.ManageFooterText">
        <test-method is-config="true" signature="InitializeDriver()[pri:0, instance:com.obsqura.tests.ManageFooterText@4f32a3ad]" started-at="2023-09-20T23:49:36 IST" name="InitializeDriver" finished-at="2023-09-20T23:49:46 IST" duration-ms="9919" status="PASS">
          <reporter-output>
          </reporter-output>
        </test-method> <!-- InitializeDriver -->
        <test-method signature="ManangeFooter()[pri:0, instance:com.obsqura.tests.ManageFooterText@4f32a3ad]" started-at="2023-09-20T23:49:46 IST" name="ManangeFooter" finished-at="2023-09-20T23:49:58 IST" duration-ms="11933" status="PASS">
          <reporter-output>
          </reporter-output>
        </test-method> <!-- ManangeFooter -->
        <test-method is-config="true" signature="TearDown()[pri:0, instance:com.obsqura.tests.ManageFooterText@4f32a3ad]" started-at="2023-09-20T23:49:58 IST" name="TearDown" finished-at="2023-09-20T23:50:04 IST" duration-ms="6117" status="PASS">
          <reporter-output>
          </reporter-output>
        </test-method> <!-- TearDown -->
      </class> <!-- com.obsqura.tests.ManageFooterText -->
    </test> <!-- Test8 -->
    <test started-at="2023-09-20T23:49:59 IST" name="Test10" finished-at="2023-09-20T23:50:08 IST" duration-ms="9702">
      <class name="com.obsqura.tests.ListSubCategoriesTest">
        <test-method is-config="true" signature="InitializeDriver()[pri:0, instance:com.obsqura.tests.ListSubCategoriesTest@4201c465]" started-at="2023-09-20T23:49:59 IST" name="InitializeDriver" finished-at="2023-09-20T23:50:03 IST" duration-ms="4371" status="PASS">
          <reporter-output>
          </reporter-output>
        </test-method> <!-- InitializeDriver -->
        <test-method signature="ManageCategoryTest()[pri:0, instance:com.obsqura.tests.ListSubCategoriesTest@4201c465]" started-at="2023-09-20T23:50:03 IST" name="ManageCategoryTest" finished-at="2023-09-20T23:50:07 IST" duration-ms="4306" status="PASS">
          <reporter-output>
          </reporter-output>
        </test-method> <!-- ManageCategoryTest -->
        <test-method is-config="true" signature="TearDown()[pri:0, instance:com.obsqura.tests.ListSubCategoriesTest@4201c465]" started-at="2023-09-20T23:50:07 IST" name="TearDown" finished-at="2023-09-20T23:50:08 IST" duration-ms="1023" status="PASS">
          <reporter-output>
          </reporter-output>
        </test-method> <!-- TearDown -->
      </class> <!-- com.obsqura.tests.ListSubCategoriesTest -->
    </test> <!-- Test10 -->
    <test started-at="2023-09-20T23:49:58 IST" name="Test9" finished-at="2023-09-20T23:50:08 IST" duration-ms="9849">
      <class name="com.obsqura.tests.AdminUser">
        <test-method is-config="true" signature="InitializeDriver()[pri:0, instance:com.obsqura.tests.AdminUser@6f01b95f]" started-at="2023-09-20T23:49:58 IST" name="InitializeDriver" finished-at="2023-09-20T23:50:03 IST" duration-ms="4641" status="PASS">
          <reporter-output>
          </reporter-output>
        </test-method> <!-- InitializeDriver -->
        <test-method signature="AdminUserTest()[pri:0, instance:com.obsqura.tests.AdminUser@6f01b95f]" started-at="2023-09-20T23:50:03 IST" name="AdminUserTest" finished-at="2023-09-20T23:50:07 IST" duration-ms="3781" status="PASS">
          <reporter-output>
          </reporter-output>
        </test-method> <!-- AdminUserTest -->
        <test-method is-config="true" signature="TearDown()[pri:0, instance:com.obsqura.tests.AdminUser@6f01b95f]" started-at="2023-09-20T23:50:07 IST" name="TearDown" finished-at="2023-09-20T23:50:08 IST" duration-ms="1422" status="PASS">
          <reporter-output>
          </reporter-output>
        </test-method> <!-- TearDown -->
      </class> <!-- com.obsqura.tests.AdminUser -->
    </test> <!-- Test9 -->
  </suite> <!-- Suite -->
</testng-results>
